@!@!@STARTMSG 2262:0 @!@!@
TLC2 Version 2.16 of 31 December 2020 (rev: cdddf55)
@!@!@ENDMSG 2262 @!@!@
@!@!@STARTMSG 2187:0 @!@!@
Running breadth-first search Model-Checking with fp 24 and seed -2037285870945665631 with 6 workers on 12 cores with 1202MB heap and 2703MB offheap memory [pid: 19720] (Windows 10 10.0 amd64, AdoptOpenJDK 14.0.1 x86_64, OffHeapDiskFPSet, DiskStateQueue).
@!@!@ENDMSG 2187 @!@!@
@!@!@STARTMSG 2220:0 @!@!@
Starting SANY...
@!@!@ENDMSG 2220 @!@!@
Parsing file D:\OneDrive\TU_Delft\Q2\Quantitative Evaluation of Embedded Systems\Customizable Project\Lab\Afek_Gafani.toolbox\Model_1\MC.tla
Parsing file D:\OneDrive\TU_Delft\Q2\Quantitative Evaluation of Embedded Systems\Customizable Project\Lab\Afek_Gafani.toolbox\Model_1\Afek_Gafani.tla
Parsing file D:\SoftWare\Study_App\TLA\toolbox\plugins\org.lamport.tlatools_1.0.0.202012311918\tla2sany\StandardModules\TLC.tla
Parsing file D:\SoftWare\Study_App\TLA\toolbox\plugins\org.lamport.tlatools_1.0.0.202012311918\tla2sany\StandardModules\Integers.tla
Parsing file D:\SoftWare\Study_App\TLA\toolbox\plugins\org.lamport.tlatools_1.0.0.202012311918\tla2sany\StandardModules\Sequences.tla
Parsing file D:\SoftWare\Study_App\TLA\toolbox\plugins\org.lamport.tlatools_1.0.0.202012311918\tla2sany\StandardModules\Naturals.tla
Parsing file D:\SoftWare\Study_App\TLA\toolbox\plugins\org.lamport.tlatools_1.0.0.202012311918\tla2sany\StandardModules\FiniteSets.tla
Semantic processing of module Naturals
Semantic processing of module Integers
Semantic processing of module Sequences
Semantic processing of module Afek_Gafani
Semantic processing of module FiniteSets
Semantic processing of module TLC
Semantic processing of module MC
@!@!@STARTMSG 2219:0 @!@!@
SANY finished.
@!@!@ENDMSG 2219 @!@!@
@!@!@STARTMSG 2185:0 @!@!@
Starting... (2021-01-09 23:34:28)
@!@!@ENDMSG 2185 @!@!@
@!@!@STARTMSG 2189:0 @!@!@
Computing initial states...
@!@!@ENDMSG 2189 @!@!@
@!@!@STARTMSG 2190:0 @!@!@
Finished computing initial states: 1 distinct state generated at 2021-01-09 23:34:29.
@!@!@ENDMSG 2190 @!@!@
@!@!@STARTMSG 2144:3 @!@!@
The EXCEPT was applied to non-existing fields of the value at
line 112, col 26 to line 112, col 30 of module Afek_Gafani
@!@!@ENDMSG 2144 @!@!@
@!@!@STARTMSG 2114:1 @!@!@
Deadlock reached.
@!@!@ENDMSG 2114 @!@!@
@!@!@STARTMSG 2121:1 @!@!@
The behavior up to this point is:
@!@!@ENDMSG 2121 @!@!@
@!@!@STARTMSG 2217:4 @!@!@
1: <Initial predicate>
/\ cand_message_channels = <<<<>>, <<>>, <<>>>>
/\ ord_message_channels = <<<<>>, <<>>, <<>>>>
/\ nodes = <<[cand |-> [level |-> 0, status |-> "send", killed |-> 0, elected |-> 0, msg_dealing |-> <<0, 0, 0>>, untraversed |-> {2, 3}], ord |-> [status |-> "receive", msg_dealing |-> <<0, 0, 0>>, owner_level |-> -1, potential_owner |-> -1, owner_id |-> -1, owner |-> -1]], [cand |-> [level |-> 0, status |-> "send", killed |-> 0, elected |-> 0, msg_dealing |-> <<0, 0, 0>>, untraversed |-> {1, 3}], ord |-> [status |-> "receive", msg_dealing |-> <<0, 0, 0>>, owner_level |-> -1, potential_owner |-> -1, owner_id |-> -1, owner |-> -1]], [cand |-> [level |-> 0, status |-> "send", killed |-> 0, elected |-> 0, msg_dealing |-> <<0, 0, 0>>, untraversed |-> {1, 2}], ord |-> [status |-> "receive", msg_dealing |-> <<0, 0, 0>>, owner_level |-> -1, potential_owner |-> -1, owner_id |-> -1, owner |-> -1]]>>

@!@!@ENDMSG 2217 @!@!@
@!@!@STARTMSG 2217:4 @!@!@
2: <candidate_send line 93, col 5 to line 101, col 38 of module Afek_Gafani>
/\ cand_message_channels = <<<<>>, <<>>, <<>>>>
/\ ord_message_channels = <<<<>>, <<>>, <<[level |-> 0, id |-> 2, sender |-> 2]>>>>
/\ nodes = <<[cand |-> [level |-> 0, status |-> "send", killed |-> 0, elected |-> 0, msg_dealing |-> <<0, 0, 0>>, untraversed |-> {2, 3}], ord |-> [status |-> "receive", msg_dealing |-> <<0, 0, 0>>, owner_level |-> -1, potential_owner |-> -1, owner_id |-> -1, owner |-> -1]], [cand |-> [level |-> 0, status |-> "receive", killed |-> 0, elected |-> 0, msg_dealing |-> <<0, 0, 0>>, untraversed |-> {1, 3}], ord |-> [status |-> "receive", msg_dealing |-> <<0, 0, 0>>, owner_level |-> -1, potential_owner |-> -1, owner_id |-> -1, owner |-> -1]], [cand |-> [level |-> 0, status |-> "send", killed |-> 0, elected |-> 0, msg_dealing |-> <<0, 0, 0>>, untraversed |-> {1, 2}], ord |-> [status |-> "receive", msg_dealing |-> <<0, 0, 0>>, owner_level |-> -1, potential_owner |-> -1, owner_id |-> -1, owner |-> -1]]>>

@!@!@ENDMSG 2217 @!@!@
@!@!@STARTMSG 2217:4 @!@!@
3: <candidate_send line 93, col 5 to line 101, col 38 of module Afek_Gafani>
/\ cand_message_channels = <<<<>>, <<>>, <<>>>>
/\ ord_message_channels = << <<>>,
   <<>>,
   << [level |-> 0, id |-> 2, sender |-> 2],
      [level |-> 0, id |-> 1, sender |-> 1] >> >>
/\ nodes = <<[cand |-> [level |-> 0, status |-> "receive", killed |-> 0, elected |-> 0, msg_dealing |-> <<0, 0, 0>>, untraversed |-> {2, 3}], ord |-> [status |-> "receive", msg_dealing |-> <<0, 0, 0>>, owner_level |-> -1, potential_owner |-> -1, owner_id |-> -1, owner |-> -1]], [cand |-> [level |-> 0, status |-> "receive", killed |-> 0, elected |-> 0, msg_dealing |-> <<0, 0, 0>>, untraversed |-> {1, 3}], ord |-> [status |-> "receive", msg_dealing |-> <<0, 0, 0>>, owner_level |-> -1, potential_owner |-> -1, owner_id |-> -1, owner |-> -1]], [cand |-> [level |-> 0, status |-> "send", killed |-> 0, elected |-> 0, msg_dealing |-> <<0, 0, 0>>, untraversed |-> {1, 2}], ord |-> [status |-> "receive", msg_dealing |-> <<0, 0, 0>>, owner_level |-> -1, potential_owner |-> -1, owner_id |-> -1, owner |-> -1]]>>

@!@!@ENDMSG 2217 @!@!@
@!@!@STARTMSG 2217:4 @!@!@
4: <ordinary_receive line 165, col 5 to line 180, col 38 of module Afek_Gafani>
/\ cand_message_channels = <<<<>>, <<>>, <<>>>>
/\ ord_message_channels = <<<<>>, <<>>, <<[level |-> 0, id |-> 1, sender |-> 1]>>>>
/\ nodes = <<[cand |-> [level |-> 0, status |-> "receive", killed |-> 0, elected |-> 0, msg_dealing |-> <<0, 0, 0>>, untraversed |-> {2, 3}], ord |-> [status |-> "receive", msg_dealing |-> <<0, 0, 0>>, owner_level |-> -1, potential_owner |-> -1, owner_id |-> -1, owner |-> -1]], [cand |-> [level |-> 0, status |-> "receive", killed |-> 0, elected |-> 0, msg_dealing |-> <<0, 0, 0>>, untraversed |-> {1, 3}], ord |-> [status |-> "receive", msg_dealing |-> <<0, 0, 0>>, owner_level |-> -1, potential_owner |-> -1, owner_id |-> -1, owner |-> -1]], [cand |-> [level |-> 0, status |-> "send", killed |-> 0, elected |-> 0, msg_dealing |-> <<0, 0, 0>>, untraversed |-> {1, 2}], ord |-> [status |-> "judge_1_2", msg_dealing |-> [level |-> 0, id |-> 2, sender |-> 2], owner_level |-> -1, potential_owner |-> -1, owner_id |-> -1, owner |-> -1]]>>

@!@!@ENDMSG 2217 @!@!@
@!@!@STARTMSG 2217:4 @!@!@
5: <ordinary_judge_1_2 line 183, col 5 to line 187, col 63 of module Afek_Gafani>
/\ cand_message_channels = <<<<>>, <<>>, <<>>>>
/\ ord_message_channels = <<<<>>, <<>>, <<[level |-> 0, id |-> 1, sender |-> 1]>>>>
/\ nodes = <<[cand |-> [level |-> 0, status |-> "receive", killed |-> 0, elected |-> 0, msg_dealing |-> <<0, 0, 0>>, untraversed |-> {2, 3}], ord |-> [status |-> "receive", msg_dealing |-> <<0, 0, 0>>, owner_level |-> -1, potential_owner |-> -1, owner_id |-> -1, owner |-> -1]], [cand |-> [level |-> 0, status |-> "receive", killed |-> 0, elected |-> 0, msg_dealing |-> <<0, 0, 0>>, untraversed |-> {1, 3}], ord |-> [status |-> "receive", msg_dealing |-> <<0, 0, 0>>, owner_level |-> -1, potential_owner |-> -1, owner_id |-> -1, owner |-> -1]], [cand |-> [level |-> 0, status |-> "send", killed |-> 0, elected |-> 0, msg_dealing |-> <<0, 0, 0>>, untraversed |-> {1, 2}], ord |-> [status |-> "judge_1_2_1_1", msg_dealing |-> [level |-> 0, id |-> 2, sender |-> 2], owner_level |-> -1, potential_owner |-> -1, owner_id |-> -1, owner |-> -1]]>>

@!@!@ENDMSG 2217 @!@!@
@!@!@STARTMSG 2217:4 @!@!@
6: <ordinary_judge_1_2_1_1 line 190, col 5 to line 201, col 63 of module Afek_Gafani>
/\ cand_message_channels = <<<<>>, <<>>, <<>>>>
/\ ord_message_channels = <<<<>>, <<>>, <<[level |-> 0, id |-> 1, sender |-> 1]>>>>
/\ nodes = <<[cand |-> [level |-> 0, status |-> "receive", killed |-> 0, elected |-> 0, msg_dealing |-> <<0, 0, 0>>, untraversed |-> {2, 3}], ord |-> [status |-> "receive", msg_dealing |-> <<0, 0, 0>>, owner_level |-> -1, potential_owner |-> -1, owner_id |-> -1, owner |-> -1]], [cand |-> [level |-> 0, status |-> "receive", killed |-> 0, elected |-> 0, msg_dealing |-> <<0, 0, 0>>, untraversed |-> {1, 3}], ord |-> [status |-> "receive", msg_dealing |-> <<0, 0, 0>>, owner_level |-> -1, potential_owner |-> -1, owner_id |-> -1, owner |-> -1]], [cand |-> [level |-> 0, status |-> "send", killed |-> 0, elected |-> 0, msg_dealing |-> <<0, 0, 0>>, untraversed |-> {1, 2}], ord |-> [status |-> "send", msg_dealing |-> [level |-> 0, id |-> 2, sender |-> 2], owner_level |-> 0, potential_owner |-> 3, owner_id |-> 2, owner |-> 3]]>>

@!@!@ENDMSG 2217 @!@!@
@!@!@STARTMSG 2217:4 @!@!@
7: <ordinary_send line 223, col 5 to line 232, col 37 of module Afek_Gafani>
/\ cand_message_channels = <<<<>>, <<[level |-> 0, id |-> 2, sender |-> 3]>>, <<>>>>
/\ ord_message_channels = <<<<>>, <<>>, <<[level |-> 0, id |-> 1, sender |-> 1]>>>>
/\ nodes = <<[cand |-> [level |-> 0, status |-> "receive", killed |-> 0, elected |-> 0, msg_dealing |-> <<0, 0, 0>>, untraversed |-> {2, 3}], ord |-> [status |-> "receive", msg_dealing |-> <<0, 0, 0>>, owner_level |-> -1, potential_owner |-> -1, owner_id |-> -1, owner |-> -1]], [cand |-> [level |-> 0, status |-> "receive", killed |-> 0, elected |-> 0, msg_dealing |-> <<0, 0, 0>>, untraversed |-> {1, 3}], ord |-> [status |-> "receive", msg_dealing |-> <<0, 0, 0>>, owner_level |-> -1, potential_owner |-> -1, owner_id |-> -1, owner |-> -1]], [cand |-> [level |-> 0, status |-> "send", killed |-> 0, elected |-> 0, msg_dealing |-> <<0, 0, 0>>, untraversed |-> {1, 2}], ord |-> [status |-> "receive", msg_dealing |-> [level |-> 0, id |-> 2, sender |-> 2], owner_level |-> 0, potential_owner |-> 3, owner_id |-> 2, owner |-> 3]]>>

@!@!@ENDMSG 2217 @!@!@
@!@!@STARTMSG 2217:4 @!@!@
8: <candidate_receive line 104, col 5 to line 114, col 41 of module Afek_Gafani>
/\ cand_message_channels = <<<<>>, <<>>, <<>>>>
/\ ord_message_channels = <<<<>>, <<>>, <<[level |-> 0, id |-> 1, sender |-> 1]>>>>
/\ nodes = <<[cand |-> [level |-> 0, status |-> "receive", killed |-> 0, elected |-> 0, msg_dealing |-> <<0, 0, 0>>, untraversed |-> {2, 3}], ord |-> [status |-> "receive", msg_dealing |-> <<0, 0, 0>>, owner_level |-> -1, potential_owner |-> -1, owner_id |-> -1, owner |-> -1]], [cand |-> [level |-> 0, status |-> "judge_1_1", killed |-> 0, elected |-> 0, msg_dealing |-> [level |-> 0, id |-> 2, sender |-> 3], untraversed |-> {1, 3}], ord |-> [status |-> "receive", msg_dealing |-> <<0, 0, 0>>, owner_level |-> -1, potential_owner |-> -1, owner_id |-> -1, owner |-> -1]], [cand |-> [level |-> 0, status |-> "send", killed |-> 0, elected |-> 0, msg_dealing |-> <<0, 0, 0>>, untraversed |-> {1, 2}], ord |-> [status |-> "receive", msg_dealing |-> [level |-> 0, id |-> 2, sender |-> 2], owner_level |-> 0, potential_owner |-> 3, owner_id |-> 2, owner |-> 3]]>>

@!@!@ENDMSG 2217 @!@!@
@!@!@STARTMSG 2217:4 @!@!@
9: <candidate_judge_1_1 line 120, col 5 to line 125, col 63 of module Afek_Gafani>
/\ cand_message_channels = <<<<>>, <<>>, <<>>>>
/\ ord_message_channels = <<<<>>, <<>>, <<[level |-> 0, id |-> 1, sender |-> 1]>>>>
/\ nodes = <<[cand |-> [level |-> 0, status |-> "receive", killed |-> 0, elected |-> 0, msg_dealing |-> <<0, 0, 0>>, untraversed |-> {2, 3}], ord |-> [status |-> "receive", msg_dealing |-> <<0, 0, 0>>, owner_level |-> -1, potential_owner |-> -1, owner_id |-> -1, owner |-> -1]], [cand |-> [level |-> 1, status |-> "final_judge", killed |-> 0, elected |-> 0, msg_dealing |-> [level |-> 0, id |-> 2, sender |-> 3], untraversed |-> {1}], ord |-> [status |-> "receive", msg_dealing |-> <<0, 0, 0>>, owner_level |-> -1, potential_owner |-> -1, owner_id |-> -1, owner |-> -1]], [cand |-> [level |-> 0, status |-> "send", killed |-> 0, elected |-> 0, msg_dealing |-> <<0, 0, 0>>, untraversed |-> {1, 2}], ord |-> [status |-> "receive", msg_dealing |-> [level |-> 0, id |-> 2, sender |-> 2], owner_level |-> 0, potential_owner |-> 3, owner_id |-> 2, owner |-> 3]]>>

@!@!@ENDMSG 2217 @!@!@
@!@!@STARTMSG 2217:4 @!@!@
10: <candidate_final_judge line 152, col 5 to line 157, col 63 of module Afek_Gafani>
/\ cand_message_channels = <<<<>>, <<>>, <<>>>>
/\ ord_message_channels = <<<<>>, <<>>, <<[level |-> 0, id |-> 1, sender |-> 1]>>>>
/\ nodes = <<[cand |-> [level |-> 0, status |-> "receive", killed |-> 0, elected |-> 0, msg_dealing |-> <<0, 0, 0>>, untraversed |-> {2, 3}], ord |-> [status |-> "receive", msg_dealing |-> <<0, 0, 0>>, owner_level |-> -1, potential_owner |-> -1, owner_id |-> -1, owner |-> -1]], [cand |-> [level |-> 1, status |-> "send", killed |-> 0, elected |-> 1, msg_dealing |-> [level |-> 0, id |-> 2, sender |-> 3], untraversed |-> {1}], ord |-> [status |-> "receive", msg_dealing |-> <<0, 0, 0>>, owner_level |-> -1, potential_owner |-> -1, owner_id |-> -1, owner |-> -1]], [cand |-> [level |-> 0, status |-> "send", killed |-> 0, elected |-> 0, msg_dealing |-> <<0, 0, 0>>, untraversed |-> {1, 2}], ord |-> [status |-> "receive", msg_dealing |-> [level |-> 0, id |-> 2, sender |-> 2], owner_level |-> 0, potential_owner |-> 3, owner_id |-> 2, owner |-> 3]]>>

@!@!@ENDMSG 2217 @!@!@
@!@!@STARTMSG 2217:4 @!@!@
11: <candidate_send line 93, col 5 to line 101, col 38 of module Afek_Gafani>
/\ cand_message_channels = <<<<>>, <<>>, <<>>>>
/\ ord_message_channels = << <<[level |-> 1, id |-> 2, sender |-> 2]>>,
   <<>>,
   <<[level |-> 0, id |-> 1, sender |-> 1]>> >>
/\ nodes = <<[cand |-> [level |-> 0, status |-> "receive", killed |-> 0, elected |-> 0, msg_dealing |-> <<0, 0, 0>>, untraversed |-> {2, 3}], ord |-> [status |-> "receive", msg_dealing |-> <<0, 0, 0>>, owner_level |-> -1, potential_owner |-> -1, owner_id |-> -1, owner |-> -1]], [cand |-> [level |-> 1, status |-> "receive", killed |-> 0, elected |-> 1, msg_dealing |-> [level |-> 0, id |-> 2, sender |-> 3], untraversed |-> {1}], ord |-> [status |-> "receive", msg_dealing |-> <<0, 0, 0>>, owner_level |-> -1, potential_owner |-> -1, owner_id |-> -1, owner |-> -1]], [cand |-> [level |-> 0, status |-> "send", killed |-> 0, elected |-> 0, msg_dealing |-> <<0, 0, 0>>, untraversed |-> {1, 2}], ord |-> [status |-> "receive", msg_dealing |-> [level |-> 0, id |-> 2, sender |-> 2], owner_level |-> 0, potential_owner |-> 3, owner_id |-> 2, owner |-> 3]]>>

@!@!@ENDMSG 2217 @!@!@
@!@!@STARTMSG 2217:4 @!@!@
12: <candidate_send line 93, col 5 to line 101, col 38 of module Afek_Gafani>
/\ cand_message_channels = <<<<>>, <<>>, <<>>>>
/\ ord_message_channels = << << [level |-> 1, id |-> 2, sender |-> 2],
      [level |-> 0, id |-> 3, sender |-> 3] >>,
   <<>>,
   <<[level |-> 0, id |-> 1, sender |-> 1]>> >>
/\ nodes = <<[cand |-> [level |-> 0, status |-> "receive", killed |-> 0, elected |-> 0, msg_dealing |-> <<0, 0, 0>>, untraversed |-> {2, 3}], ord |-> [status |-> "receive", msg_dealing |-> <<0, 0, 0>>, owner_level |-> -1, potential_owner |-> -1, owner_id |-> -1, owner |-> -1]], [cand |-> [level |-> 1, status |-> "receive", killed |-> 0, elected |-> 1, msg_dealing |-> [level |-> 0, id |-> 2, sender |-> 3], untraversed |-> {1}], ord |-> [status |-> "receive", msg_dealing |-> <<0, 0, 0>>, owner_level |-> -1, potential_owner |-> -1, owner_id |-> -1, owner |-> -1]], [cand |-> [level |-> 0, status |-> "receive", killed |-> 0, elected |-> 0, msg_dealing |-> <<0, 0, 0>>, untraversed |-> {1, 2}], ord |-> [status |-> "receive", msg_dealing |-> [level |-> 0, id |-> 2, sender |-> 2], owner_level |-> 0, potential_owner |-> 3, owner_id |-> 2, owner |-> 3]]>>

@!@!@ENDMSG 2217 @!@!@
@!@!@STARTMSG 2217:4 @!@!@
13: <ordinary_receive line 165, col 5 to line 180, col 38 of module Afek_Gafani>
/\ cand_message_channels = <<<<>>, <<>>, <<>>>>
/\ ord_message_channels = << <<[level |-> 0, id |-> 3, sender |-> 3]>>,
   <<>>,
   <<[level |-> 0, id |-> 1, sender |-> 1]>> >>
/\ nodes = <<[cand |-> [level |-> 0, status |-> "receive", killed |-> 0, elected |-> 0, msg_dealing |-> <<0, 0, 0>>, untraversed |-> {2, 3}], ord |-> [status |-> "judge_1_2", msg_dealing |-> [level |-> 1, id |-> 2, sender |-> 2], owner_level |-> -1, potential_owner |-> -1, owner_id |-> -1, owner |-> -1]], [cand |-> [level |-> 1, status |-> "receive", killed |-> 0, elected |-> 1, msg_dealing |-> [level |-> 0, id |-> 2, sender |-> 3], untraversed |-> {1}], ord |-> [status |-> "receive", msg_dealing |-> <<0, 0, 0>>, owner_level |-> -1, potential_owner |-> -1, owner_id |-> -1, owner |-> -1]], [cand |-> [level |-> 0, status |-> "receive", killed |-> 0, elected |-> 0, msg_dealing |-> <<0, 0, 0>>, untraversed |-> {1, 2}], ord |-> [status |-> "receive", msg_dealing |-> [level |-> 0, id |-> 2, sender |-> 2], owner_level |-> 0, potential_owner |-> 3, owner_id |-> 2, owner |-> 3]]>>

@!@!@ENDMSG 2217 @!@!@
@!@!@STARTMSG 2217:4 @!@!@
14: <ordinary_judge_1_2 line 183, col 5 to line 187, col 63 of module Afek_Gafani>
/\ cand_message_channels = <<<<>>, <<>>, <<>>>>
/\ ord_message_channels = << <<[level |-> 0, id |-> 3, sender |-> 3]>>,
   <<>>,
   <<[level |-> 0, id |-> 1, sender |-> 1]>> >>
/\ nodes = <<[cand |-> [level |-> 0, status |-> "receive", killed |-> 0, elected |-> 0, msg_dealing |-> <<0, 0, 0>>, untraversed |-> {2, 3}], ord |-> [status |-> "judge_1_2_1_1", msg_dealing |-> [level |-> 1, id |-> 2, sender |-> 2], owner_level |-> -1, potential_owner |-> -1, owner_id |-> -1, owner |-> -1]], [cand |-> [level |-> 1, status |-> "receive", killed |-> 0, elected |-> 1, msg_dealing |-> [level |-> 0, id |-> 2, sender |-> 3], untraversed |-> {1}], ord |-> [status |-> "receive", msg_dealing |-> <<0, 0, 0>>, owner_level |-> -1, potential_owner |-> -1, owner_id |-> -1, owner |-> -1]], [cand |-> [level |-> 0, status |-> "receive", killed |-> 0, elected |-> 0, msg_dealing |-> <<0, 0, 0>>, untraversed |-> {1, 2}], ord |-> [status |-> "receive", msg_dealing |-> [level |-> 0, id |-> 2, sender |-> 2], owner_level |-> 0, potential_owner |-> 3, owner_id |-> 2, owner |-> 3]]>>

@!@!@ENDMSG 2217 @!@!@
@!@!@STARTMSG 2217:4 @!@!@
15: <ordinary_judge_1_2_1_1 line 190, col 5 to line 201, col 63 of module Afek_Gafani>
/\ cand_message_channels = <<<<>>, <<>>, <<>>>>
/\ ord_message_channels = << <<[level |-> 0, id |-> 3, sender |-> 3]>>,
   <<>>,
   <<[level |-> 0, id |-> 1, sender |-> 1]>> >>
/\ nodes = <<[cand |-> [level |-> 0, status |-> "receive", killed |-> 0, elected |-> 0, msg_dealing |-> <<0, 0, 0>>, untraversed |-> {2, 3}], ord |-> [status |-> "send", msg_dealing |-> [level |-> 1, id |-> 2, sender |-> 2], owner_level |-> 1, potential_owner |-> 1, owner_id |-> 2, owner |-> 1]], [cand |-> [level |-> 1, status |-> "receive", killed |-> 0, elected |-> 1, msg_dealing |-> [level |-> 0, id |-> 2, sender |-> 3], untraversed |-> {1}], ord |-> [status |-> "receive", msg_dealing |-> <<0, 0, 0>>, owner_level |-> -1, potential_owner |-> -1, owner_id |-> -1, owner |-> -1]], [cand |-> [level |-> 0, status |-> "receive", killed |-> 0, elected |-> 0, msg_dealing |-> <<0, 0, 0>>, untraversed |-> {1, 2}], ord |-> [status |-> "receive", msg_dealing |-> [level |-> 0, id |-> 2, sender |-> 2], owner_level |-> 0, potential_owner |-> 3, owner_id |-> 2, owner |-> 3]]>>

@!@!@ENDMSG 2217 @!@!@
@!@!@STARTMSG 2217:4 @!@!@
16: <ordinary_send line 223, col 5 to line 232, col 37 of module Afek_Gafani>
/\ cand_message_channels = <<<<>>, <<[level |-> 1, id |-> 2, sender |-> 1]>>, <<>>>>
/\ ord_message_channels = << <<[level |-> 0, id |-> 3, sender |-> 3]>>,
   <<>>,
   <<[level |-> 0, id |-> 1, sender |-> 1]>> >>
/\ nodes = <<[cand |-> [level |-> 0, status |-> "receive", killed |-> 0, elected |-> 0, msg_dealing |-> <<0, 0, 0>>, untraversed |-> {2, 3}], ord |-> [status |-> "receive", msg_dealing |-> [level |-> 1, id |-> 2, sender |-> 2], owner_level |-> 1, potential_owner |-> 1, owner_id |-> 2, owner |-> 1]], [cand |-> [level |-> 1, status |-> "receive", killed |-> 0, elected |-> 1, msg_dealing |-> [level |-> 0, id |-> 2, sender |-> 3], untraversed |-> {1}], ord |-> [status |-> "receive", msg_dealing |-> <<0, 0, 0>>, owner_level |-> -1, potential_owner |-> -1, owner_id |-> -1, owner |-> -1]], [cand |-> [level |-> 0, status |-> "receive", killed |-> 0, elected |-> 0, msg_dealing |-> <<0, 0, 0>>, untraversed |-> {1, 2}], ord |-> [status |-> "receive", msg_dealing |-> [level |-> 0, id |-> 2, sender |-> 2], owner_level |-> 0, potential_owner |-> 3, owner_id |-> 2, owner |-> 3]]>>

@!@!@ENDMSG 2217 @!@!@
@!@!@STARTMSG 2217:4 @!@!@
17: <ordinary_receive line 165, col 5 to line 180, col 38 of module Afek_Gafani>
/\ cand_message_channels = <<<<>>, <<[level |-> 1, id |-> 2, sender |-> 1]>>, <<>>>>
/\ ord_message_channels = <<<<>>, <<>>, <<[level |-> 0, id |-> 1, sender |-> 1]>>>>
/\ nodes = <<[cand |-> [level |-> 0, status |-> "receive", killed |-> 0, elected |-> 0, msg_dealing |-> <<0, 0, 0>>, untraversed |-> {2, 3}], ord |-> [status |-> "receive", msg_dealing |-> [level |-> 1, id |-> 2, sender |-> 2], owner_level |-> 1, potential_owner |-> 1, owner_id |-> 2, owner |-> 1]], [cand |-> [level |-> 1, status |-> "receive", killed |-> 0, elected |-> 1, msg_dealing |-> [level |-> 0, id |-> 2, sender |-> 3], untraversed |-> {1}], ord |-> [status |-> "receive", msg_dealing |-> <<0, 0, 0>>, owner_level |-> -1, potential_owner |-> -1, owner_id |-> -1, owner |-> -1]], [cand |-> [level |-> 0, status |-> "receive", killed |-> 0, elected |-> 0, msg_dealing |-> <<0, 0, 0>>, untraversed |-> {1, 2}], ord |-> [status |-> "receive", msg_dealing |-> [level |-> 0, id |-> 2, sender |-> 2], owner_level |-> 0, potential_owner |-> 3, owner_id |-> 2, owner |-> 3]]>>

@!@!@ENDMSG 2217 @!@!@
@!@!@STARTMSG 2217:4 @!@!@
18: <candidate_receive line 104, col 5 to line 114, col 41 of module Afek_Gafani>
/\ cand_message_channels = <<<<>>, <<>>, <<>>>>
/\ ord_message_channels = <<<<>>, <<>>, <<[level |-> 0, id |-> 1, sender |-> 1]>>>>
/\ nodes = <<[cand |-> [level |-> 0, status |-> "receive", killed |-> 0, elected |-> 0, msg_dealing |-> <<0, 0, 0>>, untraversed |-> {2, 3}], ord |-> [status |-> "receive", msg_dealing |-> [level |-> 1, id |-> 2, sender |-> 2], owner_level |-> 1, potential_owner |-> 1, owner_id |-> 2, owner |-> 1]], [cand |-> [level |-> 1, status |-> "judge_1_1", killed |-> 0, elected |-> 1, msg_dealing |-> [level |-> 1, id |-> 2, sender |-> 1], untraversed |-> {1}], ord |-> [status |-> "receive", msg_dealing |-> <<0, 0, 0>>, owner_level |-> -1, potential_owner |-> -1, owner_id |-> -1, owner |-> -1]], [cand |-> [level |-> 0, status |-> "receive", killed |-> 0, elected |-> 0, msg_dealing |-> <<0, 0, 0>>, untraversed |-> {1, 2}], ord |-> [status |-> "receive", msg_dealing |-> [level |-> 0, id |-> 2, sender |-> 2], owner_level |-> 0, potential_owner |-> 3, owner_id |-> 2, owner |-> 3]]>>

@!@!@ENDMSG 2217 @!@!@
@!@!@STARTMSG 2217:4 @!@!@
19: <candidate_judge_1_1 line 120, col 5 to line 125, col 63 of module Afek_Gafani>
/\ cand_message_channels = <<<<>>, <<>>, <<>>>>
/\ ord_message_channels = <<<<>>, <<>>, <<[level |-> 0, id |-> 1, sender |-> 1]>>>>
/\ nodes = <<[cand |-> [level |-> 0, status |-> "receive", killed |-> 0, elected |-> 0, msg_dealing |-> <<0, 0, 0>>, untraversed |-> {2, 3}], ord |-> [status |-> "receive", msg_dealing |-> [level |-> 1, id |-> 2, sender |-> 2], owner_level |-> 1, potential_owner |-> 1, owner_id |-> 2, owner |-> 1]], [cand |-> [level |-> 2, status |-> "final_judge", killed |-> 0, elected |-> 1, msg_dealing |-> [level |-> 1, id |-> 2, sender |-> 1], untraversed |-> {}], ord |-> [status |-> "receive", msg_dealing |-> <<0, 0, 0>>, owner_level |-> -1, potential_owner |-> -1, owner_id |-> -1, owner |-> -1]], [cand |-> [level |-> 0, status |-> "receive", killed |-> 0, elected |-> 0, msg_dealing |-> <<0, 0, 0>>, untraversed |-> {1, 2}], ord |-> [status |-> "receive", msg_dealing |-> [level |-> 0, id |-> 2, sender |-> 2], owner_level |-> 0, potential_owner |-> 3, owner_id |-> 2, owner |-> 3]]>>

@!@!@ENDMSG 2217 @!@!@
@!@!@STARTMSG 2217:4 @!@!@
20: <candidate_final_judge line 152, col 5 to line 157, col 63 of module Afek_Gafani>
/\ cand_message_channels = <<<<>>, <<>>, <<>>>>
/\ ord_message_channels = <<<<>>, <<>>, <<[level |-> 0, id |-> 1, sender |-> 1]>>>>
/\ nodes = <<[cand |-> [level |-> 0, status |-> "receive", killed |-> 0, elected |-> 0, msg_dealing |-> <<0, 0, 0>>, untraversed |-> {2, 3}], ord |-> [status |-> "receive", msg_dealing |-> [level |-> 1, id |-> 2, sender |-> 2], owner_level |-> 1, potential_owner |-> 1, owner_id |-> 2, owner |-> 1]], [cand |-> [level |-> 2, status |-> "send", killed |-> 0, elected |-> 1, msg_dealing |-> [level |-> 1, id |-> 2, sender |-> 1], untraversed |-> {}], ord |-> [status |-> "receive", msg_dealing |-> <<0, 0, 0>>, owner_level |-> -1, potential_owner |-> -1, owner_id |-> -1, owner |-> -1]], [cand |-> [level |-> 0, status |-> "receive", killed |-> 0, elected |-> 0, msg_dealing |-> <<0, 0, 0>>, untraversed |-> {1, 2}], ord |-> [status |-> "receive", msg_dealing |-> [level |-> 0, id |-> 2, sender |-> 2], owner_level |-> 0, potential_owner |-> 3, owner_id |-> 2, owner |-> 3]]>>

@!@!@ENDMSG 2217 @!@!@
@!@!@STARTMSG 2217:4 @!@!@
21: <ordinary_receive line 165, col 5 to line 180, col 38 of module Afek_Gafani>
/\ cand_message_channels = <<<<>>, <<>>, <<>>>>
/\ ord_message_channels = <<<<>>, <<>>, <<>>>>
/\ nodes = <<[cand |-> [level |-> 0, status |-> "receive", killed |-> 0, elected |-> 0, msg_dealing |-> <<0, 0, 0>>, untraversed |-> {2, 3}], ord |-> [status |-> "receive", msg_dealing |-> [level |-> 1, id |-> 2, sender |-> 2], owner_level |-> 1, potential_owner |-> 1, owner_id |-> 2, owner |-> 1]], [cand |-> [level |-> 2, status |-> "send", killed |-> 0, elected |-> 1, msg_dealing |-> [level |-> 1, id |-> 2, sender |-> 1], untraversed |-> {}], ord |-> [status |-> "receive", msg_dealing |-> <<0, 0, 0>>, owner_level |-> -1, potential_owner |-> -1, owner_id |-> -1, owner |-> -1]], [cand |-> [level |-> 0, status |-> "receive", killed |-> 0, elected |-> 0, msg_dealing |-> <<0, 0, 0>>, untraversed |-> {1, 2}], ord |-> [status |-> "receive", msg_dealing |-> [level |-> 0, id |-> 2, sender |-> 2], owner_level |-> 0, potential_owner |-> 3, owner_id |-> 2, owner |-> 3]]>>

@!@!@ENDMSG 2217 @!@!@
@!@!@STARTMSG 2201:0 @!@!@
The coverage statistics at 2021-01-09 23:34:29
@!@!@ENDMSG 2201 @!@!@
@!@!@STARTMSG 2773:0 @!@!@
<Init line 70, col 1 to line 70, col 4 of module Afek_Gafani>: 2:2
@!@!@ENDMSG 2773 @!@!@
@!@!@STARTMSG 2221:0 @!@!@
  line 71, col 5 to line 72, col 22 of module Afek_Gafani: 2
@!@!@ENDMSG 2221 @!@!@
@!@!@STARTMSG 2772:0 @!@!@
<candidate_send line 92, col 1 to line 92, col 23 of module Afek_Gafani>: 644:5822
@!@!@ENDMSG 2772 @!@!@
@!@!@STARTMSG 2221:0 @!@!@
  line 93, col 8 to line 93, col 37 of module Afek_Gafani: 61324
@!@!@ENDMSG 2221 @!@!@
@!@!@STARTMSG 2221:0 @!@!@
  |line 93, col 8 to line 93, col 30 of module Afek_Gafani: 55502
@!@!@ENDMSG 2221 @!@!@
@!@!@STARTMSG 2221:0 @!@!@
  line 94, col 8 to line 94, col 42 of module Afek_Gafani: 13938
@!@!@ENDMSG 2221 @!@!@
@!@!@STARTMSG 2221:0 @!@!@
  |line 94, col 8 to line 94, col 9 of module Afek_Gafani: 8116
@!@!@ENDMSG 2221 @!@!@
@!@!@STARTMSG 2221:0 @!@!@
  |line 94, col 15 to line 94, col 42 of module Afek_Gafani: 8116
@!@!@ENDMSG 2221 @!@!@
@!@!@STARTMSG 2221:0 @!@!@
  line 98, col 12 to line 99, col 90 of module Afek_Gafani: 5822
@!@!@ENDMSG 2221 @!@!@
@!@!@STARTMSG 2221:0 @!@!@
  line 100, col 8 to line 100, col 58 of module Afek_Gafani: 5822
@!@!@ENDMSG 2221 @!@!@
@!@!@STARTMSG 2221:0 @!@!@
  line 101, col 8 to line 101, col 38 of module Afek_Gafani: 5822
@!@!@ENDMSG 2221 @!@!@
@!@!@STARTMSG 2772:0 @!@!@
<candidate_receive line 103, col 1 to line 103, col 21 of module Afek_Gafani>: 1242:3001
@!@!@ENDMSG 2772 @!@!@
@!@!@STARTMSG 2221:0 @!@!@
  line 104, col 8 to line 104, col 38 of module Afek_Gafani: 30739
@!@!@ENDMSG 2221 @!@!@
@!@!@STARTMSG 2221:0 @!@!@
  |line 104, col 8 to line 104, col 28 of module Afek_Gafani: 27738
@!@!@ENDMSG 2221 @!@!@
@!@!@STARTMSG 2221:0 @!@!@
  line 105, col 8 to line 105, col 39 of module Afek_Gafani: 21989
@!@!@ENDMSG 2221 @!@!@
@!@!@STARTMSG 2221:0 @!@!@
  |line 105, col 8 to line 105, col 32 of module Afek_Gafani: 18988
@!@!@ENDMSG 2221 @!@!@
@!@!@STARTMSG 2221:0 @!@!@
  |line 105, col 36 to line 105, col 39 of module Afek_Gafani: 18988
@!@!@ENDMSG 2221 @!@!@
@!@!@STARTMSG 2221:0 @!@!@
  line 106, col 8 to line 106, col 110 of module Afek_Gafani: 3001
@!@!@ENDMSG 2221 @!@!@
@!@!@STARTMSG 2221:0 @!@!@
  |line 106, col 31 to line 106, col 110 of module Afek_Gafani: 3001
@!@!@ENDMSG 2221 @!@!@
@!@!@STARTMSG 2221:0 @!@!@
  ||line 106, col 32 to line 106, col 52 of module Afek_Gafani: 3001
@!@!@ENDMSG 2221 @!@!@
@!@!@STARTMSG 2221:0 @!@!@
  ||line 106, col 61 to line 106, col 109 of module Afek_Gafani: 3001
@!@!@ENDMSG 2221 @!@!@
@!@!@STARTMSG 2221:0 @!@!@
  ||line 106, col 69 to line 106, col 109 of module Afek_Gafani: 3001
@!@!@ENDMSG 2221 @!@!@
@!@!@STARTMSG 2221:0 @!@!@
  |||line 27, col 5 to line 29, col 72 of module Afek_Gafani: 3001
@!@!@ENDMSG 2221 @!@!@
@!@!@STARTMSG 2221:0 @!@!@
  ||||line 27, col 8 to line 27, col 35 of module Afek_Gafani: 3001
@!@!@ENDMSG 2221 @!@!@
@!@!@STARTMSG 2221:0 @!@!@
  ||||line 28, col 14 to line 28, col 18 of module Afek_Gafani: 2857
@!@!@ENDMSG 2221 @!@!@
@!@!@STARTMSG 2221:0 @!@!@
  ||||line 29, col 10 to line 29, col 72 of module Afek_Gafani: 144
@!@!@ENDMSG 2221 @!@!@
@!@!@STARTMSG 2221:0 @!@!@
  |||||line 21, col 5 to line 23, col 65 of module Afek_Gafani: 288
@!@!@ENDMSG 2221 @!@!@
@!@!@STARTMSG 2221:0 @!@!@
  ||||||line 21, col 8 to line 21, col 20 of module Afek_Gafani: 288
@!@!@ENDMSG 2221 @!@!@
@!@!@STARTMSG 2221:0 @!@!@
  ||||||line 22, col 14 to line 22, col 17 of module Afek_Gafani: 144
@!@!@ENDMSG 2221 @!@!@
@!@!@STARTMSG 2221:0 @!@!@
  ||||||line 23, col 11 to line 23, col 65 of module Afek_Gafani: 144
@!@!@ENDMSG 2221 @!@!@
@!@!@STARTMSG 2221:0 @!@!@
  |||||line 29, col 24 to line 29, col 50 of module Afek_Gafani: 144
@!@!@ENDMSG 2221 @!@!@
@!@!@STARTMSG 2221:0 @!@!@
  |||||line 29, col 52 to line 29, col 71 of module Afek_Gafani: 144
@!@!@ENDMSG 2221 @!@!@
@!@!@STARTMSG 2221:0 @!@!@
  |||line 106, col 85 to line 106, col 86 of module Afek_Gafani: 3001
@!@!@ENDMSG 2221 @!@!@
@!@!@STARTMSG 2221:0 @!@!@
  |||line 106, col 88 to line 106, col 108 of module Afek_Gafani: 3001
@!@!@ENDMSG 2221 @!@!@
@!@!@STARTMSG 2221:0 @!@!@
  line 108, col 15 to line 108, col 50 of module Afek_Gafani: 3001
@!@!@ENDMSG 2221 @!@!@
@!@!@STARTMSG 2221:0 @!@!@
  |line 108, col 15 to line 108, col 23 of module Afek_Gafani: 3001
@!@!@ENDMSG 2221 @!@!@
@!@!@STARTMSG 2221:0 @!@!@
  |line 108, col 28 to line 108, col 50 of module Afek_Gafani: 2788
@!@!@ENDMSG 2221 @!@!@
@!@!@STARTMSG 2221:0 @!@!@
  line 109, col 22 to line 110, col 72 of module Afek_Gafani: 2788
@!@!@ENDMSG 2221 @!@!@
@!@!@STARTMSG 2221:0 @!@!@
  line 112, col 18 to line 113, col 63 of module Afek_Gafani: 213
@!@!@ENDMSG 2221 @!@!@
@!@!@STARTMSG 2221:0 @!@!@
  line 114, col 8 to line 114, col 41 of module Afek_Gafani: 3001
@!@!@ENDMSG 2221 @!@!@
@!@!@STARTMSG 2772:0 @!@!@
<candidate_judge_1_1 line 119, col 1 to line 119, col 23 of module Afek_Gafani>: 1010:2495
@!@!@ENDMSG 2772 @!@!@
@!@!@STARTMSG 2221:0 @!@!@
  line 120, col 8 to line 120, col 40 of module Afek_Gafani: 30231
@!@!@ENDMSG 2221 @!@!@
@!@!@STARTMSG 2221:0 @!@!@
  |line 120, col 8 to line 120, col 28 of module Afek_Gafani: 27736
@!@!@ENDMSG 2221 @!@!@
@!@!@STARTMSG 2221:0 @!@!@
  line 122, col 12 to line 124, col 64 of module Afek_Gafani: 2495
@!@!@ENDMSG 2221 @!@!@
@!@!@STARTMSG 2221:0 @!@!@
  line 125, col 8 to line 125, col 63 of module Afek_Gafani: 2495
@!@!@ENDMSG 2221 @!@!@
@!@!@STARTMSG 2772:0 @!@!@
<candidate_judge_1_2 line 127, col 1 to line 127, col 23 of module Afek_Gafani>: 0:0
@!@!@ENDMSG 2772 @!@!@
@!@!@STARTMSG 2221:0 @!@!@
  line 128, col 8 to line 128, col 40 of module Afek_Gafani: 27734
@!@!@ENDMSG 2221 @!@!@
@!@!@STARTMSG 2221:0 @!@!@
  line 132, col 22 to line 132, col 70 of module Afek_Gafani: 0
@!@!@ENDMSG 2221 @!@!@
@!@!@STARTMSG 2221:0 @!@!@
  line 134, col 17 to line 134, col 69 of module Afek_Gafani: 0
@!@!@ENDMSG 2221 @!@!@
@!@!@STARTMSG 2221:0 @!@!@
  line 135, col 8 to line 135, col 63 of module Afek_Gafani: 0
@!@!@ENDMSG 2221 @!@!@
@!@!@STARTMSG 2772:0 @!@!@
<candidate_judge_1_2_2 line 137, col 1 to line 137, col 25 of module Afek_Gafani>: 0:0
@!@!@ENDMSG 2772 @!@!@
@!@!@STARTMSG 2221:0 @!@!@
  line 138, col 8 to line 138, col 42 of module Afek_Gafani: 27734
@!@!@ENDMSG 2221 @!@!@
@!@!@STARTMSG 2221:0 @!@!@
  line 144, col 16 to line 145, col 135 of module Afek_Gafani: 0
@!@!@ENDMSG 2221 @!@!@
@!@!@STARTMSG 2221:0 @!@!@
  line 146, col 8 to line 147, col 56 of module Afek_Gafani: 0
@!@!@ENDMSG 2221 @!@!@
@!@!@STARTMSG 2221:0 @!@!@
  line 148, col 8 to line 148, col 42 of module Afek_Gafani: 0
@!@!@ENDMSG 2221 @!@!@
@!@!@STARTMSG 2772:0 @!@!@
<candidate_final_judge line 151, col 1 to line 151, col 25 of module Afek_Gafani>: 1006:2204
@!@!@ENDMSG 2772 @!@!@
@!@!@STARTMSG 2221:0 @!@!@
  line 152, col 8 to line 152, col 42 of module Afek_Gafani: 29938
@!@!@ENDMSG 2221 @!@!@
@!@!@STARTMSG 2221:0 @!@!@
  |line 152, col 8 to line 152, col 28 of module Afek_Gafani: 27734
@!@!@ENDMSG 2221 @!@!@
@!@!@STARTMSG 2221:0 @!@!@
  line 153, col 11 to line 153, col 33 of module Afek_Gafani: 2204
@!@!@ENDMSG 2221 @!@!@
@!@!@STARTMSG 2221:0 @!@!@
  line 154, col 14 to line 155, col 55 of module Afek_Gafani: 2204
@!@!@ENDMSG 2221 @!@!@
@!@!@STARTMSG 2221:0 @!@!@
  line 156, col 14 to line 156, col 62 of module Afek_Gafani: 0
@!@!@ENDMSG 2221 @!@!@
@!@!@STARTMSG 2221:0 @!@!@
  line 157, col 8 to line 157, col 63 of module Afek_Gafani: 2204
@!@!@ENDMSG 2221 @!@!@
@!@!@STARTMSG 2772:0 @!@!@
<ordinary_receive line 164, col 1 to line 164, col 20 of module Afek_Gafani>: 1620:4391
@!@!@ENDMSG 2772 @!@!@
@!@!@STARTMSG 2221:0 @!@!@
  line 165, col 8 to line 165, col 37 of module Afek_Gafani: 32105
@!@!@ENDMSG 2221 @!@!@
@!@!@STARTMSG 2221:0 @!@!@
  |line 165, col 8 to line 165, col 27 of module Afek_Gafani: 27714
@!@!@ENDMSG 2221 @!@!@
@!@!@STARTMSG 2221:0 @!@!@
  line 166, col 8 to line 166, col 38 of module Afek_Gafani: 23620
@!@!@ENDMSG 2221 @!@!@
@!@!@STARTMSG 2221:0 @!@!@
  |line 166, col 8 to line 166, col 31 of module Afek_Gafani: 19229
@!@!@ENDMSG 2221 @!@!@
@!@!@STARTMSG 2221:0 @!@!@
  |line 166, col 35 to line 166, col 38 of module Afek_Gafani: 19229
@!@!@ENDMSG 2221 @!@!@
@!@!@STARTMSG 2221:0 @!@!@
  line 167, col 8 to line 167, col 107 of module Afek_Gafani: 4391
@!@!@ENDMSG 2221 @!@!@
@!@!@STARTMSG 2221:0 @!@!@
  |line 167, col 31 to line 167, col 107 of module Afek_Gafani: 4391
@!@!@ENDMSG 2221 @!@!@
@!@!@STARTMSG 2221:0 @!@!@
  ||line 167, col 32 to line 167, col 51 of module Afek_Gafani: 4391
@!@!@ENDMSG 2221 @!@!@
@!@!@STARTMSG 2221:0 @!@!@
  ||line 167, col 60 to line 167, col 106 of module Afek_Gafani: 4391
@!@!@ENDMSG 2221 @!@!@
@!@!@STARTMSG 2221:0 @!@!@
  ||line 167, col 68 to line 167, col 106 of module Afek_Gafani: 4391
@!@!@ENDMSG 2221 @!@!@
@!@!@STARTMSG 2221:0 @!@!@
  |||line 27, col 5 to line 29, col 72 of module Afek_Gafani: 4391
@!@!@ENDMSG 2221 @!@!@
@!@!@STARTMSG 2221:0 @!@!@
  ||||line 27, col 8 to line 27, col 35 of module Afek_Gafani: 4391
@!@!@ENDMSG 2221 @!@!@
@!@!@STARTMSG 2221:0 @!@!@
  ||||line 28, col 14 to line 28, col 18 of module Afek_Gafani: 3949
@!@!@ENDMSG 2221 @!@!@
@!@!@STARTMSG 2221:0 @!@!@
  ||||line 29, col 10 to line 29, col 72 of module Afek_Gafani: 442
@!@!@ENDMSG 2221 @!@!@
@!@!@STARTMSG 2221:0 @!@!@
  |||||line 21, col 5 to line 23, col 65 of module Afek_Gafani: 884
@!@!@ENDMSG 2221 @!@!@
@!@!@STARTMSG 2221:0 @!@!@
  ||||||line 21, col 8 to line 21, col 20 of module Afek_Gafani: 884
@!@!@ENDMSG 2221 @!@!@
@!@!@STARTMSG 2221:0 @!@!@
  ||||||line 22, col 14 to line 22, col 17 of module Afek_Gafani: 442
@!@!@ENDMSG 2221 @!@!@
@!@!@STARTMSG 2221:0 @!@!@
  ||||||line 23, col 11 to line 23, col 65 of module Afek_Gafani: 442
@!@!@ENDMSG 2221 @!@!@
@!@!@STARTMSG 2221:0 @!@!@
  |||||line 29, col 24 to line 29, col 50 of module Afek_Gafani: 442
@!@!@ENDMSG 2221 @!@!@
@!@!@STARTMSG 2221:0 @!@!@
  |||||line 29, col 52 to line 29, col 71 of module Afek_Gafani: 442
@!@!@ENDMSG 2221 @!@!@
@!@!@STARTMSG 2221:0 @!@!@
  |||line 167, col 83 to line 167, col 84 of module Afek_Gafani: 4391
@!@!@ENDMSG 2221 @!@!@
@!@!@STARTMSG 2221:0 @!@!@
  |||line 167, col 86 to line 167, col 105 of module Afek_Gafani: 4391
@!@!@ENDMSG 2221 @!@!@
@!@!@STARTMSG 2221:0 @!@!@
  line 172, col 18 to line 172, col 61 of module Afek_Gafani: 4391
@!@!@ENDMSG 2221 @!@!@
@!@!@STARTMSG 2221:0 @!@!@
  |line 172, col 19 to line 172, col 55 of module Afek_Gafani: 4391
@!@!@ENDMSG 2221 @!@!@
@!@!@STARTMSG 2221:0 @!@!@
  ||line 33, col 5 to line 41, col 18 of module Afek_Gafani: 4391
@!@!@ENDMSG 2221 @!@!@
@!@!@STARTMSG 2221:0 @!@!@
  |||line 33, col 8 to line 33, col 26 of module Afek_Gafani: 4391
@!@!@ENDMSG 2221 @!@!@
@!@!@STARTMSG 2221:0 @!@!@
  |||line 34, col 14 to line 34, col 15 of module Afek_Gafani: 255
@!@!@ENDMSG 2221 @!@!@
@!@!@STARTMSG 2221:0 @!@!@
  |||line 36, col 9 to line 41, col 18 of module Afek_Gafani: 4136
@!@!@ENDMSG 2221 @!@!@
@!@!@STARTMSG 2221:0 @!@!@
  ||||line 36, col 12 to line 36, col 28 of module Afek_Gafani: 4136
@!@!@ENDMSG 2221 @!@!@
@!@!@STARTMSG 2221:0 @!@!@
  ||||line 39, col 13 to line 41, col 18 of module Afek_Gafani: 1480
@!@!@ENDMSG 2221 @!@!@
@!@!@STARTMSG 2221:0 @!@!@
  |||||line 39, col 16 to line 39, col 26 of module Afek_Gafani: 1480
@!@!@ENDMSG 2221 @!@!@
@!@!@STARTMSG 2221:0 @!@!@
  |||||line 40, col 22 to line 40, col 23 of module Afek_Gafani: 711
@!@!@ENDMSG 2221 @!@!@
@!@!@STARTMSG 2221:0 @!@!@
  ||line 172, col 33 to line 172, col 35 of module Afek_Gafani: 4391
@!@!@ENDMSG 2221 @!@!@
@!@!@STARTMSG 2221:0 @!@!@
  ||line 172, col 37 to line 172, col 46 of module Afek_Gafani: 4391
@!@!@ENDMSG 2221 @!@!@
@!@!@STARTMSG 2221:0 @!@!@
  ||line 172, col 48 to line 172, col 54 of module Afek_Gafani: 1480
@!@!@ENDMSG 2221 @!@!@
@!@!@STARTMSG 2221:0 @!@!@
  |line 172, col 60 to line 172, col 61 of module Afek_Gafani: 4391
@!@!@ENDMSG 2221 @!@!@
@!@!@STARTMSG 2221:0 @!@!@
  line 173, col 17 to line 173, col 64 of module Afek_Gafani: 966
@!@!@ENDMSG 2221 @!@!@
@!@!@STARTMSG 2221:0 @!@!@
  line 174, col 16 to line 174, col 58 of module Afek_Gafani: 3425
@!@!@ENDMSG 2221 @!@!@
@!@!@STARTMSG 2221:0 @!@!@
  |line 174, col 17 to line 174, col 53 of module Afek_Gafani: 3425
@!@!@ENDMSG 2221 @!@!@
@!@!@STARTMSG 2221:0 @!@!@
  ||line 33, col 5 to line 41, col 18 of module Afek_Gafani: 3425
@!@!@ENDMSG 2221 @!@!@
@!@!@STARTMSG 2221:0 @!@!@
  |||line 33, col 8 to line 33, col 26 of module Afek_Gafani: 3425
@!@!@ENDMSG 2221 @!@!@
@!@!@STARTMSG 2221:0 @!@!@
  |||line 36, col 9 to line 41, col 18 of module Afek_Gafani: 3425
@!@!@ENDMSG 2221 @!@!@
@!@!@STARTMSG 2221:0 @!@!@
  ||||line 36, col 12 to line 36, col 28 of module Afek_Gafani: 3425
@!@!@ENDMSG 2221 @!@!@
@!@!@STARTMSG 2221:0 @!@!@
  ||||line 39, col 13 to line 41, col 18 of module Afek_Gafani: 769
@!@!@ENDMSG 2221 @!@!@
@!@!@STARTMSG 2221:0 @!@!@
  ||line 174, col 31 to line 174, col 33 of module Afek_Gafani: 3425
@!@!@ENDMSG 2221 @!@!@
@!@!@STARTMSG 2221:0 @!@!@
  ||line 174, col 35 to line 174, col 44 of module Afek_Gafani: 3425
@!@!@ENDMSG 2221 @!@!@
@!@!@STARTMSG 2221:0 @!@!@
  ||line 174, col 46 to line 174, col 52 of module Afek_Gafani: 769
@!@!@ENDMSG 2221 @!@!@
@!@!@STARTMSG 2221:0 @!@!@
  line 175, col 17 to line 176, col 62 of module Afek_Gafani: 2656
@!@!@ENDMSG 2221 @!@!@
@!@!@STARTMSG 2221:0 @!@!@
  line 177, col 16 to line 179, col 62 of module Afek_Gafani: 769
@!@!@ENDMSG 2221 @!@!@
@!@!@STARTMSG 2221:0 @!@!@
  line 180, col 8 to line 180, col 38 of module Afek_Gafani: 4391
@!@!@ENDMSG 2221 @!@!@
@!@!@STARTMSG 2772:0 @!@!@
<ordinary_judge_1_2 line 182, col 1 to line 182, col 22 of module Afek_Gafani>: 1193:2528
@!@!@ENDMSG 2772 @!@!@
@!@!@STARTMSG 2221:0 @!@!@
  line 183, col 8 to line 183, col 39 of module Afek_Gafani: 30238
@!@!@ENDMSG 2221 @!@!@
@!@!@STARTMSG 2221:0 @!@!@
  |line 183, col 8 to line 183, col 27 of module Afek_Gafani: 27710
@!@!@ENDMSG 2221 @!@!@
@!@!@STARTMSG 2221:0 @!@!@
  line 184, col 11 to line 184, col 32 of module Afek_Gafani: 2528
@!@!@ENDMSG 2221 @!@!@
@!@!@STARTMSG 2221:0 @!@!@
  line 185, col 18 to line 185, col 71 of module Afek_Gafani: 2186
@!@!@ENDMSG 2221 @!@!@
@!@!@STARTMSG 2221:0 @!@!@
  line 186, col 14 to line 186, col 67 of module Afek_Gafani: 342
@!@!@ENDMSG 2221 @!@!@
@!@!@STARTMSG 2221:0 @!@!@
  line 187, col 8 to line 187, col 63 of module Afek_Gafani: 2528
@!@!@ENDMSG 2221 @!@!@
@!@!@STARTMSG 2772:0 @!@!@
<ordinary_judge_1_2_1_1 line 189, col 1 to line 189, col 26 of module Afek_Gafani>: 1028:2109
@!@!@ENDMSG 2772 @!@!@
@!@!@STARTMSG 2221:0 @!@!@
  line 190, col 7 to line 190, col 42 of module Afek_Gafani: 29817
@!@!@ENDMSG 2221 @!@!@
@!@!@STARTMSG 2221:0 @!@!@
  |line 190, col 7 to line 190, col 26 of module Afek_Gafani: 27708
@!@!@ENDMSG 2221 @!@!@
@!@!@STARTMSG 2221:0 @!@!@
  line 196, col 17 to line 200, col 67 of module Afek_Gafani: 2109
@!@!@ENDMSG 2221 @!@!@
@!@!@STARTMSG 2221:0 @!@!@
  line 201, col 8 to line 201, col 63 of module Afek_Gafani: 2109
@!@!@ENDMSG 2221 @!@!@
@!@!@STARTMSG 2772:0 @!@!@
<ordinary_judge_1_2_1_2 line 203, col 1 to line 203, col 26 of module Afek_Gafani>: 212:279
@!@!@ENDMSG 2772 @!@!@
@!@!@STARTMSG 2221:0 @!@!@
  line 204, col 7 to line 204, col 42 of module Afek_Gafani: 27985
@!@!@ENDMSG 2221 @!@!@
@!@!@STARTMSG 2221:0 @!@!@
  |line 204, col 7 to line 204, col 26 of module Afek_Gafani: 27706
@!@!@ENDMSG 2221 @!@!@
@!@!@STARTMSG 2221:0 @!@!@
  line 210, col 17 to line 213, col 67 of module Afek_Gafani: 279
@!@!@ENDMSG 2221 @!@!@
@!@!@STARTMSG 2221:0 @!@!@
  line 214, col 8 to line 214, col 63 of module Afek_Gafani: 279
@!@!@ENDMSG 2221 @!@!@
@!@!@STARTMSG 2772:0 @!@!@
<ordinary_judge_1_3 line 216, col 1 to line 216, col 22 of module Afek_Gafani>: 316:704
@!@!@ENDMSG 2772 @!@!@
@!@!@STARTMSG 2221:0 @!@!@
  line 217, col 8 to line 217, col 39 of module Afek_Gafani: 28410
@!@!@ENDMSG 2221 @!@!@
@!@!@STARTMSG 2221:0 @!@!@
  |line 217, col 8 to line 217, col 27 of module Afek_Gafani: 27706
@!@!@ENDMSG 2221 @!@!@
@!@!@STARTMSG 2221:0 @!@!@
  line 218, col 8 to line 219, col 74 of module Afek_Gafani: 704
@!@!@ENDMSG 2221 @!@!@
@!@!@STARTMSG 2221:0 @!@!@
  line 220, col 8 to line 220, col 63 of module Afek_Gafani: 704
@!@!@ENDMSG 2221 @!@!@
@!@!@STARTMSG 2772:0 @!@!@
<ordinary_send line 222, col 1 to line 222, col 17 of module Afek_Gafani>: 1736:2867
@!@!@ENDMSG 2772 @!@!@
@!@!@STARTMSG 2221:0 @!@!@
  line 223, col 8 to line 223, col 34 of module Afek_Gafani: 30583
@!@!@ENDMSG 2221 @!@!@
@!@!@STARTMSG 2221:0 @!@!@
  |line 223, col 8 to line 223, col 27 of module Afek_Gafani: 27716
@!@!@ENDMSG 2221 @!@!@
@!@!@STARTMSG 2221:0 @!@!@
  line 229, col 17 to line 230, col 91 of module Afek_Gafani: 2867
@!@!@ENDMSG 2221 @!@!@
@!@!@STARTMSG 2221:0 @!@!@
  line 231, col 8 to line 231, col 55 of module Afek_Gafani: 2867
@!@!@ENDMSG 2221 @!@!@
@!@!@STARTMSG 2221:0 @!@!@
  line 232, col 8 to line 232, col 37 of module Afek_Gafani: 2867
@!@!@ENDMSG 2221 @!@!@
@!@!@STARTMSG 2774:0 @!@!@
<TypeOK line 84, col 1 to line 84, col 6 of module Afek_Gafani>
@!@!@ENDMSG 2774 @!@!@
@!@!@STARTMSG 2221:0 @!@!@
  line 85, col 5 to line 86, col 25 of module Afek_Gafani: 10008
@!@!@ENDMSG 2221 @!@!@
@!@!@STARTMSG 2221:0 @!@!@
  |line 85, col 8 to line 85, col 26 of module Afek_Gafani: 10008
@!@!@ENDMSG 2221 @!@!@
@!@!@STARTMSG 2221:0 @!@!@
  ||line 79, col 5 to line 79, col 124 of module Afek_Gafani: 10008
@!@!@ENDMSG 2221 @!@!@
@!@!@STARTMSG 2221:0 @!@!@
  |||line 79, col 29 to line 79, col 124 of module Afek_Gafani: 30024
@!@!@ENDMSG 2221 @!@!@
@!@!@STARTMSG 2221:0 @!@!@
  |||line 79, col 15 to line 79, col 26 of module Afek_Gafani: 10008
@!@!@ENDMSG 2221 @!@!@
@!@!@STARTMSG 2221:0 @!@!@
  |line 86, col 8 to line 86, col 25 of module Afek_Gafani: 10008
@!@!@ENDMSG 2221 @!@!@
@!@!@STARTMSG 2221:0 @!@!@
  ||line 82, col 5 to line 82, col 127 of module Afek_Gafani: 10008
@!@!@ENDMSG 2221 @!@!@
@!@!@STARTMSG 2221:0 @!@!@
  |||line 82, col 29 to line 82, col 127 of module Afek_Gafani: 30024
@!@!@ENDMSG 2221 @!@!@
@!@!@STARTMSG 2221:0 @!@!@
  |||line 82, col 15 to line 82, col 26 of module Afek_Gafani: 10008
@!@!@ENDMSG 2221 @!@!@
@!@!@STARTMSG 2202:0 @!@!@
End of statistics.
@!@!@ENDMSG 2202 @!@!@
@!@!@STARTMSG 2200:0 @!@!@
Progress(25) at 2021-01-09 23:34:29: 26,362 states generated (1,143,687 s/min), 10,008 distinct states found (434,186 ds/min), 776 states left on queue.
@!@!@ENDMSG 2200 @!@!@
@!@!@STARTMSG 2199:0 @!@!@
26362 states generated, 10008 distinct states found, 776 states left on queue.
@!@!@ENDMSG 2199 @!@!@
@!@!@STARTMSG 2194:0 @!@!@
The depth of the complete state graph search is 25.
@!@!@ENDMSG 2194 @!@!@
@!@!@STARTMSG 2268:0 @!@!@
The average outdegree of the complete state graph is 1 (minimum is 0, the maximum 6 and the 95th percentile is 2).
@!@!@ENDMSG 2268 @!@!@
@!@!@STARTMSG 2186:0 @!@!@
Finished in 1388ms at (2021-01-09 23:34:29)
@!@!@ENDMSG 2186 @!@!@
