@!@!@STARTMSG 2262:0 @!@!@
TLC2 Version 2.16 of 31 December 2020 (rev: cdddf55)
@!@!@ENDMSG 2262 @!@!@
@!@!@STARTMSG 2187:0 @!@!@
Running breadth-first search Model-Checking with fp 73 and seed -2925399667730667256 with 6 workers on 12 cores with 1202MB heap and 2703MB offheap memory [pid: 17908] (Windows 10 10.0 amd64, AdoptOpenJDK 14.0.1 x86_64, OffHeapDiskFPSet, DiskStateQueue).
@!@!@ENDMSG 2187 @!@!@
@!@!@STARTMSG 2220:0 @!@!@
Starting SANY...
@!@!@ENDMSG 2220 @!@!@
Parsing file D:\OneDrive\TU_Delft\Q2\Quantitative Evaluation of Embedded Systems\Customizable Project\Lab\Afek_Gafani.toolbox\Model_1\MC.tla
Parsing file D:\OneDrive\TU_Delft\Q2\Quantitative Evaluation of Embedded Systems\Customizable Project\Lab\Afek_Gafani.toolbox\Model_1\Afek_Gafani.tla
Parsing file D:\SoftWare\Study_App\TLA\toolbox\plugins\org.lamport.tlatools_1.0.0.202012311918\tla2sany\StandardModules\TLC.tla
Parsing file D:\SoftWare\Study_App\TLA\toolbox\plugins\org.lamport.tlatools_1.0.0.202012311918\tla2sany\StandardModules\Integers.tla
Parsing file D:\SoftWare\Study_App\TLA\toolbox\plugins\org.lamport.tlatools_1.0.0.202012311918\tla2sany\StandardModules\Sequences.tla
Parsing file D:\SoftWare\Study_App\TLA\toolbox\plugins\org.lamport.tlatools_1.0.0.202012311918\tla2sany\StandardModules\Naturals.tla
Parsing file D:\SoftWare\Study_App\TLA\toolbox\plugins\org.lamport.tlatools_1.0.0.202012311918\tla2sany\StandardModules\FiniteSets.tla
Semantic processing of module Naturals
Semantic processing of module Integers
Semantic processing of module Sequences
Semantic processing of module Afek_Gafani
Semantic processing of module FiniteSets
Semantic processing of module TLC
Semantic processing of module MC
@!@!@STARTMSG 2219:0 @!@!@
SANY finished.
@!@!@ENDMSG 2219 @!@!@
@!@!@STARTMSG 2185:0 @!@!@
Starting... (2021-01-09 21:23:10)
@!@!@ENDMSG 2185 @!@!@
@!@!@STARTMSG 2189:0 @!@!@
Computing initial states...
@!@!@ENDMSG 2189 @!@!@
@!@!@STARTMSG 2190:0 @!@!@
Finished computing initial states: 1 distinct state generated at 2021-01-09 21:23:10.
@!@!@ENDMSG 2190 @!@!@
@!@!@STARTMSG 2283:1 @!@!@
The argument of Len should be a sequence, but instead it is:
(2 :> [level |-> 0, id |-> 3, sender |-> 3])
@!@!@ENDMSG 2283 @!@!@
@!@!@STARTMSG 2121:1 @!@!@
The behavior up to this point is:
@!@!@ENDMSG 2121 @!@!@
@!@!@STARTMSG 2217:4 @!@!@
1: <Initial predicate>
/\ cand_message_channels = <<<<>>, <<>>, <<>>>>
/\ ord_message_channels = <<<<>>, <<>>, <<>>>>
/\ nodes = <<[cand |-> [level |-> 0, status |-> "send", killed |-> 0, elected |-> 0, msg_dealing |-> <<0, 0, 0>>, untraversed |-> {2, 3}], ord |-> [status |-> "receive", msg_dealing |-> <<0, 0, 0>>, owner_level |-> -1, potential_owner |-> -1, owner_id |-> -1, owner |-> -1]], [cand |-> [level |-> 0, status |-> "send", killed |-> 0, elected |-> 0, msg_dealing |-> <<0, 0, 0>>, untraversed |-> {1, 3}], ord |-> [status |-> "receive", msg_dealing |-> <<0, 0, 0>>, owner_level |-> -1, potential_owner |-> -1, owner_id |-> -1, owner |-> -1]], [cand |-> [level |-> 0, status |-> "send", killed |-> 0, elected |-> 0, msg_dealing |-> <<0, 0, 0>>, untraversed |-> {1, 2}], ord |-> [status |-> "receive", msg_dealing |-> <<0, 0, 0>>, owner_level |-> -1, potential_owner |-> -1, owner_id |-> -1, owner |-> -1]]>>

@!@!@ENDMSG 2217 @!@!@
@!@!@STARTMSG 2217:4 @!@!@
2: <candidate_send line 85, col 5 to line 93, col 38 of module Afek_Gafani>
/\ cand_message_channels = <<<<>>, <<>>, <<>>>>
/\ ord_message_channels = <<<<>>, <<[level |-> 0, id |-> 1, sender |-> 1]>>, <<>>>>
/\ nodes = <<[cand |-> [level |-> 0, status |-> "receive", killed |-> 0, elected |-> 0, msg_dealing |-> <<0, 0, 0>>, untraversed |-> {2, 3}], ord |-> [status |-> "receive", msg_dealing |-> <<0, 0, 0>>, owner_level |-> -1, potential_owner |-> -1, owner_id |-> -1, owner |-> -1]], [cand |-> [level |-> 0, status |-> "send", killed |-> 0, elected |-> 0, msg_dealing |-> <<0, 0, 0>>, untraversed |-> {1, 3}], ord |-> [status |-> "receive", msg_dealing |-> <<0, 0, 0>>, owner_level |-> -1, potential_owner |-> -1, owner_id |-> -1, owner |-> -1]], [cand |-> [level |-> 0, status |-> "send", killed |-> 0, elected |-> 0, msg_dealing |-> <<0, 0, 0>>, untraversed |-> {1, 2}], ord |-> [status |-> "receive", msg_dealing |-> <<0, 0, 0>>, owner_level |-> -1, potential_owner |-> -1, owner_id |-> -1, owner |-> -1]]>>

@!@!@ENDMSG 2217 @!@!@
@!@!@STARTMSG 2217:4 @!@!@
3: <candidate_send line 85, col 5 to line 93, col 38 of module Afek_Gafani>
/\ cand_message_channels = <<<<>>, <<>>, <<>>>>
/\ ord_message_channels = << <<[level |-> 0, id |-> 2, sender |-> 2]>>,
   <<[level |-> 0, id |-> 1, sender |-> 1]>>,
   <<>> >>
/\ nodes = <<[cand |-> [level |-> 0, status |-> "receive", killed |-> 0, elected |-> 0, msg_dealing |-> <<0, 0, 0>>, untraversed |-> {2, 3}], ord |-> [status |-> "receive", msg_dealing |-> <<0, 0, 0>>, owner_level |-> -1, potential_owner |-> -1, owner_id |-> -1, owner |-> -1]], [cand |-> [level |-> 0, status |-> "receive", killed |-> 0, elected |-> 0, msg_dealing |-> <<0, 0, 0>>, untraversed |-> {1, 3}], ord |-> [status |-> "receive", msg_dealing |-> <<0, 0, 0>>, owner_level |-> -1, potential_owner |-> -1, owner_id |-> -1, owner |-> -1]], [cand |-> [level |-> 0, status |-> "send", killed |-> 0, elected |-> 0, msg_dealing |-> <<0, 0, 0>>, untraversed |-> {1, 2}], ord |-> [status |-> "receive", msg_dealing |-> <<0, 0, 0>>, owner_level |-> -1, potential_owner |-> -1, owner_id |-> -1, owner |-> -1]]>>

@!@!@ENDMSG 2217 @!@!@
@!@!@STARTMSG 2217:4 @!@!@
4: <candidate_send line 85, col 5 to line 93, col 38 of module Afek_Gafani>
/\ cand_message_channels = <<<<>>, <<>>, <<>>>>
/\ ord_message_channels = << << [level |-> 0, id |-> 2, sender |-> 2],
      [level |-> 0, id |-> 3, sender |-> 3] >>,
   <<[level |-> 0, id |-> 1, sender |-> 1]>>,
   <<>> >>
/\ nodes = <<[cand |-> [level |-> 0, status |-> "receive", killed |-> 0, elected |-> 0, msg_dealing |-> <<0, 0, 0>>, untraversed |-> {2, 3}], ord |-> [status |-> "receive", msg_dealing |-> <<0, 0, 0>>, owner_level |-> -1, potential_owner |-> -1, owner_id |-> -1, owner |-> -1]], [cand |-> [level |-> 0, status |-> "receive", killed |-> 0, elected |-> 0, msg_dealing |-> <<0, 0, 0>>, untraversed |-> {1, 3}], ord |-> [status |-> "receive", msg_dealing |-> <<0, 0, 0>>, owner_level |-> -1, potential_owner |-> -1, owner_id |-> -1, owner |-> -1]], [cand |-> [level |-> 0, status |-> "receive", killed |-> 0, elected |-> 0, msg_dealing |-> <<0, 0, 0>>, untraversed |-> {1, 2}], ord |-> [status |-> "receive", msg_dealing |-> <<0, 0, 0>>, owner_level |-> -1, potential_owner |-> -1, owner_id |-> -1, owner |-> -1]]>>

@!@!@ENDMSG 2217 @!@!@
@!@!@STARTMSG 2217:4 @!@!@
5: <ordinary_receive line 156, col 5 to line 171, col 38 of module Afek_Gafani>
/\ cand_message_channels = <<<<>>, <<>>, <<>>>>
/\ ord_message_channels = << (2 :> [level |-> 0, id |-> 3, sender |-> 3]),
   <<[level |-> 0, id |-> 1, sender |-> 1]>>,
   <<>> >>
/\ nodes = <<[cand |-> [level |-> 0, status |-> "receive", killed |-> 0, elected |-> 0, msg_dealing |-> <<0, 0, 0>>, untraversed |-> {2, 3}], ord |-> [status |-> "judge_1_2", msg_dealing |-> [level |-> 0, id |-> 2, sender |-> 2], owner_level |-> -1, potential_owner |-> -1, owner_id |-> -1, owner |-> -1]], [cand |-> [level |-> 0, status |-> "receive", killed |-> 0, elected |-> 0, msg_dealing |-> <<0, 0, 0>>, untraversed |-> {1, 3}], ord |-> [status |-> "receive", msg_dealing |-> <<0, 0, 0>>, owner_level |-> -1, potential_owner |-> -1, owner_id |-> -1, owner |-> -1]], [cand |-> [level |-> 0, status |-> "receive", killed |-> 0, elected |-> 0, msg_dealing |-> <<0, 0, 0>>, untraversed |-> {1, 2}], ord |-> [status |-> "receive", msg_dealing |-> <<0, 0, 0>>, owner_level |-> -1, potential_owner |-> -1, owner_id |-> -1, owner |-> -1]]>>

@!@!@ENDMSG 2217 @!@!@
@!@!@STARTMSG 2217:4 @!@!@
6: <ordinary_judge_1_2 line 174, col 5 to line 178, col 63 of module Afek_Gafani>
/\ cand_message_channels = <<<<>>, <<>>, <<>>>>
/\ ord_message_channels = << (2 :> [level |-> 0, id |-> 3, sender |-> 3]),
   <<[level |-> 0, id |-> 1, sender |-> 1]>>,
   <<>> >>
/\ nodes = <<[cand |-> [level |-> 0, status |-> "receive", killed |-> 0, elected |-> 0, msg_dealing |-> <<0, 0, 0>>, untraversed |-> {2, 3}], ord |-> [status |-> "judge_1_2_1_1", msg_dealing |-> [level |-> 0, id |-> 2, sender |-> 2], owner_level |-> -1, potential_owner |-> -1, owner_id |-> -1, owner |-> -1]], [cand |-> [level |-> 0, status |-> "receive", killed |-> 0, elected |-> 0, msg_dealing |-> <<0, 0, 0>>, untraversed |-> {1, 3}], ord |-> [status |-> "receive", msg_dealing |-> <<0, 0, 0>>, owner_level |-> -1, potential_owner |-> -1, owner_id |-> -1, owner |-> -1]], [cand |-> [level |-> 0, status |-> "receive", killed |-> 0, elected |-> 0, msg_dealing |-> <<0, 0, 0>>, untraversed |-> {1, 2}], ord |-> [status |-> "receive", msg_dealing |-> <<0, 0, 0>>, owner_level |-> -1, potential_owner |-> -1, owner_id |-> -1, owner |-> -1]]>>

@!@!@ENDMSG 2217 @!@!@
@!@!@STARTMSG 2217:4 @!@!@
7: <ordinary_judge_1_2_1_1 line 181, col 5 to line 192, col 63 of module Afek_Gafani>
/\ cand_message_channels = <<<<>>, <<>>, <<>>>>
/\ ord_message_channels = << (2 :> [level |-> 0, id |-> 3, sender |-> 3]),
   <<[level |-> 0, id |-> 1, sender |-> 1]>>,
   <<>> >>
/\ nodes = <<[cand |-> [level |-> 0, status |-> "receive", killed |-> 0, elected |-> 0, msg_dealing |-> <<0, 0, 0>>, untraversed |-> {2, 3}], ord |-> [status |-> "send", msg_dealing |-> [level |-> 0, id |-> 2, sender |-> 2], owner_level |-> 0, potential_owner |-> 1, owner_id |-> 2, owner |-> 1]], [cand |-> [level |-> 0, status |-> "receive", killed |-> 0, elected |-> 0, msg_dealing |-> <<0, 0, 0>>, untraversed |-> {1, 3}], ord |-> [status |-> "receive", msg_dealing |-> <<0, 0, 0>>, owner_level |-> -1, potential_owner |-> -1, owner_id |-> -1, owner |-> -1]], [cand |-> [level |-> 0, status |-> "receive", killed |-> 0, elected |-> 0, msg_dealing |-> <<0, 0, 0>>, untraversed |-> {1, 2}], ord |-> [status |-> "receive", msg_dealing |-> <<0, 0, 0>>, owner_level |-> -1, potential_owner |-> -1, owner_id |-> -1, owner |-> -1]]>>

@!@!@ENDMSG 2217 @!@!@
@!@!@STARTMSG 2217:4 @!@!@
8: <ordinary_send line 214, col 5 to line 223, col 37 of module Afek_Gafani>
/\ cand_message_channels = <<<<>>, <<[level |-> 0, id |-> 2, sender |-> 1]>>, <<>>>>
/\ ord_message_channels = << (2 :> [level |-> 0, id |-> 3, sender |-> 3]),
   <<[level |-> 0, id |-> 1, sender |-> 1]>>,
   <<>> >>
/\ nodes = <<[cand |-> [level |-> 0, status |-> "receive", killed |-> 0, elected |-> 0, msg_dealing |-> <<0, 0, 0>>, untraversed |-> {2, 3}], ord |-> [status |-> "receive", msg_dealing |-> [level |-> 0, id |-> 2, sender |-> 2], owner_level |-> 0, potential_owner |-> 1, owner_id |-> 2, owner |-> 1]], [cand |-> [level |-> 0, status |-> "receive", killed |-> 0, elected |-> 0, msg_dealing |-> <<0, 0, 0>>, untraversed |-> {1, 3}], ord |-> [status |-> "receive", msg_dealing |-> <<0, 0, 0>>, owner_level |-> -1, potential_owner |-> -1, owner_id |-> -1, owner |-> -1]], [cand |-> [level |-> 0, status |-> "receive", killed |-> 0, elected |-> 0, msg_dealing |-> <<0, 0, 0>>, untraversed |-> {1, 2}], ord |-> [status |-> "receive", msg_dealing |-> <<0, 0, 0>>, owner_level |-> -1, potential_owner |-> -1, owner_id |-> -1, owner |-> -1]]>>

@!@!@ENDMSG 2217 @!@!@
@!@!@STARTMSG 2103:1 @!@!@
The error occurred when TLC was evaluating the nested
expressions at the following positions:
0. Line 156, column 5 to line 171, column 38 in Afek_Gafani
1. Line 156, column 8 to line 156, column 37 in Afek_Gafani
2. Line 157, column 8 to line 157, column 38 in Afek_Gafani
3. Line 158, column 8 to line 158, column 107 in Afek_Gafani
4. Line 158, column 31 to line 158, column 107 in Afek_Gafani
5. Line 158, column 68 to line 158, column 106 in Afek_Gafani
6. Line 21, column 5 to line 21, column 68 in Afek_Gafani
7. Line 21, column 12 to line 21, column 39 in Afek_Gafani
8. Line 21, column 15 to line 21, column 39 in Afek_Gafani


@!@!@ENDMSG 2103 @!@!@
@!@!@STARTMSG 2201:0 @!@!@
The coverage statistics at 2021-01-09 21:23:10
@!@!@ENDMSG 2201 @!@!@
@!@!@STARTMSG 2773:0 @!@!@
<Init line 62, col 1 to line 62, col 4 of module Afek_Gafani>: 2:2
@!@!@ENDMSG 2773 @!@!@
@!@!@STARTMSG 2221:0 @!@!@
  line 63, col 5 to line 64, col 22 of module Afek_Gafani: 2
@!@!@ENDMSG 2221 @!@!@
@!@!@STARTMSG 2772:0 @!@!@
<candidate_send line 84, col 1 to line 84, col 23 of module Afek_Gafani>: 62:453
@!@!@ENDMSG 2772 @!@!@
@!@!@STARTMSG 2221:0 @!@!@
  line 85, col 8 to line 85, col 37 of module Afek_Gafani: 3084
@!@!@ENDMSG 2221 @!@!@
@!@!@STARTMSG 2221:0 @!@!@
  |line 85, col 8 to line 85, col 30 of module Afek_Gafani: 2631
@!@!@ENDMSG 2221 @!@!@
@!@!@STARTMSG 2221:0 @!@!@
  line 86, col 8 to line 86, col 42 of module Afek_Gafani: 906
@!@!@ENDMSG 2221 @!@!@
@!@!@STARTMSG 2221:0 @!@!@
  |line 86, col 8 to line 86, col 9 of module Afek_Gafani: 453
@!@!@ENDMSG 2221 @!@!@
@!@!@STARTMSG 2221:0 @!@!@
  |line 86, col 15 to line 86, col 42 of module Afek_Gafani: 453
@!@!@ENDMSG 2221 @!@!@
@!@!@STARTMSG 2221:0 @!@!@
  line 90, col 12 to line 91, col 90 of module Afek_Gafani: 453
@!@!@ENDMSG 2221 @!@!@
@!@!@STARTMSG 2221:0 @!@!@
  line 92, col 8 to line 92, col 58 of module Afek_Gafani: 453
@!@!@ENDMSG 2221 @!@!@
@!@!@STARTMSG 2221:0 @!@!@
  line 93, col 8 to line 93, col 38 of module Afek_Gafani: 453
@!@!@ENDMSG 2221 @!@!@
@!@!@STARTMSG 2772:0 @!@!@
<candidate_receive line 95, col 1 to line 95, col 21 of module Afek_Gafani>: 29:30
@!@!@ENDMSG 2772 @!@!@
@!@!@STARTMSG 2221:0 @!@!@
  line 96, col 8 to line 96, col 38 of module Afek_Gafani: 1341
@!@!@ENDMSG 2221 @!@!@
@!@!@STARTMSG 2221:0 @!@!@
  |line 96, col 8 to line 96, col 28 of module Afek_Gafani: 1311
@!@!@ENDMSG 2221 @!@!@
@!@!@STARTMSG 2221:0 @!@!@
  line 97, col 8 to line 97, col 39 of module Afek_Gafani: 1116
@!@!@ENDMSG 2221 @!@!@
@!@!@STARTMSG 2221:0 @!@!@
  |line 97, col 8 to line 97, col 32 of module Afek_Gafani: 1086
@!@!@ENDMSG 2221 @!@!@
@!@!@STARTMSG 2221:0 @!@!@
  |line 97, col 36 to line 97, col 39 of module Afek_Gafani: 1086
@!@!@ENDMSG 2221 @!@!@
@!@!@STARTMSG 2221:0 @!@!@
  line 98, col 8 to line 98, col 110 of module Afek_Gafani: 30
@!@!@ENDMSG 2221 @!@!@
@!@!@STARTMSG 2221:0 @!@!@
  line 100, col 15 to line 100, col 50 of module Afek_Gafani: 30
@!@!@ENDMSG 2221 @!@!@
@!@!@STARTMSG 2221:0 @!@!@
  line 101, col 22 to line 102, col 72 of module Afek_Gafani: 30
@!@!@ENDMSG 2221 @!@!@
@!@!@STARTMSG 2221:0 @!@!@
  line 104, col 18 to line 105, col 63 of module Afek_Gafani: 0
@!@!@ENDMSG 2221 @!@!@
@!@!@STARTMSG 2221:0 @!@!@
  line 106, col 8 to line 106, col 41 of module Afek_Gafani: 30
@!@!@ENDMSG 2221 @!@!@
@!@!@STARTMSG 2772:0 @!@!@
<candidate_judge_1_1 line 111, col 1 to line 111, col 23 of module Afek_Gafani>: 0:0
@!@!@ENDMSG 2772 @!@!@
@!@!@STARTMSG 2221:0 @!@!@
  line 112, col 8 to line 112, col 40 of module Afek_Gafani: 1311
@!@!@ENDMSG 2221 @!@!@
@!@!@STARTMSG 2221:0 @!@!@
  line 114, col 12 to line 116, col 64 of module Afek_Gafani: 0
@!@!@ENDMSG 2221 @!@!@
@!@!@STARTMSG 2221:0 @!@!@
  line 117, col 8 to line 117, col 63 of module Afek_Gafani: 0
@!@!@ENDMSG 2221 @!@!@
@!@!@STARTMSG 2772:0 @!@!@
<candidate_judge_1_2 line 119, col 1 to line 119, col 23 of module Afek_Gafani>: 0:0
@!@!@ENDMSG 2772 @!@!@
@!@!@STARTMSG 2221:0 @!@!@
  line 120, col 8 to line 120, col 40 of module Afek_Gafani: 1311
@!@!@ENDMSG 2221 @!@!@
@!@!@STARTMSG 2221:0 @!@!@
  line 124, col 22 to line 124, col 70 of module Afek_Gafani: 0
@!@!@ENDMSG 2221 @!@!@
@!@!@STARTMSG 2221:0 @!@!@
  line 126, col 17 to line 126, col 69 of module Afek_Gafani: 0
@!@!@ENDMSG 2221 @!@!@
@!@!@STARTMSG 2221:0 @!@!@
  line 127, col 8 to line 127, col 63 of module Afek_Gafani: 0
@!@!@ENDMSG 2221 @!@!@
@!@!@STARTMSG 2772:0 @!@!@
<candidate_judge_1_2_2 line 129, col 1 to line 129, col 25 of module Afek_Gafani>: 0:0
@!@!@ENDMSG 2772 @!@!@
@!@!@STARTMSG 2221:0 @!@!@
  line 130, col 8 to line 130, col 42 of module Afek_Gafani: 1311
@!@!@ENDMSG 2221 @!@!@
@!@!@STARTMSG 2221:0 @!@!@
  line 136, col 16 to line 137, col 135 of module Afek_Gafani: 0
@!@!@ENDMSG 2221 @!@!@
@!@!@STARTMSG 2221:0 @!@!@
  line 138, col 8 to line 139, col 56 of module Afek_Gafani: 0
@!@!@ENDMSG 2221 @!@!@
@!@!@STARTMSG 2221:0 @!@!@
  line 140, col 8 to line 140, col 42 of module Afek_Gafani: 0
@!@!@ENDMSG 2221 @!@!@
@!@!@STARTMSG 2772:0 @!@!@
<candidate_final_judge line 143, col 1 to line 143, col 25 of module Afek_Gafani>: 0:0
@!@!@ENDMSG 2772 @!@!@
@!@!@STARTMSG 2221:0 @!@!@
  line 144, col 8 to line 144, col 42 of module Afek_Gafani: 1311
@!@!@ENDMSG 2221 @!@!@
@!@!@STARTMSG 2221:0 @!@!@
  line 146, col 8 to line 147, col 49 of module Afek_Gafani: 0
@!@!@ENDMSG 2221 @!@!@
@!@!@STARTMSG 2221:0 @!@!@
  line 148, col 8 to line 148, col 63 of module Afek_Gafani: 0
@!@!@ENDMSG 2221 @!@!@
@!@!@STARTMSG 2772:0 @!@!@
<ordinary_receive line 155, col 1 to line 155, col 20 of module Afek_Gafani>: 159:298
@!@!@ENDMSG 2772 @!@!@
@!@!@STARTMSG 2221:0 @!@!@
  line 156, col 8 to line 156, col 37 of module Afek_Gafani: 1590
@!@!@ENDMSG 2221 @!@!@
@!@!@STARTMSG 2221:0 @!@!@
  |line 156, col 8 to line 156, col 27 of module Afek_Gafani: 1292
@!@!@ENDMSG 2221 @!@!@
@!@!@STARTMSG 2221:0 @!@!@
  line 157, col 8 to line 157, col 38 of module Afek_Gafani: 1071
@!@!@ENDMSG 2221 @!@!@
@!@!@STARTMSG 2221:0 @!@!@
  |line 157, col 8 to line 157, col 31 of module Afek_Gafani: 773
@!@!@ENDMSG 2221 @!@!@
@!@!@STARTMSG 2221:0 @!@!@
  |line 157, col 35 to line 157, col 38 of module Afek_Gafani: 773
@!@!@ENDMSG 2221 @!@!@
@!@!@STARTMSG 2221:0 @!@!@
  line 158, col 8 to line 158, col 107 of module Afek_Gafani: 298
@!@!@ENDMSG 2221 @!@!@
@!@!@STARTMSG 2221:0 @!@!@
  |line 158, col 31 to line 158, col 107 of module Afek_Gafani: 305
@!@!@ENDMSG 2221 @!@!@
@!@!@STARTMSG 2221:0 @!@!@
  line 163, col 18 to line 163, col 61 of module Afek_Gafani: 298
@!@!@ENDMSG 2221 @!@!@
@!@!@STARTMSG 2221:0 @!@!@
  line 164, col 17 to line 164, col 64 of module Afek_Gafani: 0
@!@!@ENDMSG 2221 @!@!@
@!@!@STARTMSG 2221:0 @!@!@
  line 165, col 16 to line 167, col 62 of module Afek_Gafani: 298
@!@!@ENDMSG 2221 @!@!@
@!@!@STARTMSG 2221:0 @!@!@
  line 169, col 17 to line 170, col 62 of module Afek_Gafani: 0
@!@!@ENDMSG 2221 @!@!@
@!@!@STARTMSG 2221:0 @!@!@
  line 171, col 8 to line 171, col 38 of module Afek_Gafani: 298
@!@!@ENDMSG 2221 @!@!@
@!@!@STARTMSG 2772:0 @!@!@
<ordinary_judge_1_2 line 173, col 1 to line 173, col 22 of module Afek_Gafani>: 171:258
@!@!@ENDMSG 2772 @!@!@
@!@!@STARTMSG 2221:0 @!@!@
  line 174, col 8 to line 174, col 39 of module Afek_Gafani: 1542
@!@!@ENDMSG 2221 @!@!@
@!@!@STARTMSG 2221:0 @!@!@
  |line 174, col 8 to line 174, col 27 of module Afek_Gafani: 1284
@!@!@ENDMSG 2221 @!@!@
@!@!@STARTMSG 2221:0 @!@!@
  line 175, col 11 to line 175, col 32 of module Afek_Gafani: 258
@!@!@ENDMSG 2221 @!@!@
@!@!@STARTMSG 2221:0 @!@!@
  line 176, col 18 to line 176, col 71 of module Afek_Gafani: 258
@!@!@ENDMSG 2221 @!@!@
@!@!@STARTMSG 2221:0 @!@!@
  line 177, col 14 to line 177, col 67 of module Afek_Gafani: 0
@!@!@ENDMSG 2221 @!@!@
@!@!@STARTMSG 2221:0 @!@!@
  line 178, col 8 to line 178, col 63 of module Afek_Gafani: 258
@!@!@ENDMSG 2221 @!@!@
@!@!@STARTMSG 2772:0 @!@!@
<ordinary_judge_1_2_1_1 line 180, col 1 to line 180, col 26 of module Afek_Gafani>: 138:170
@!@!@ENDMSG 2772 @!@!@
@!@!@STARTMSG 2221:0 @!@!@
  line 181, col 7 to line 181, col 42 of module Afek_Gafani: 1453
@!@!@ENDMSG 2221 @!@!@
@!@!@STARTMSG 2221:0 @!@!@
  |line 181, col 7 to line 181, col 26 of module Afek_Gafani: 1283
@!@!@ENDMSG 2221 @!@!@
@!@!@STARTMSG 2221:0 @!@!@
  line 187, col 17 to line 191, col 67 of module Afek_Gafani: 170
@!@!@ENDMSG 2221 @!@!@
@!@!@STARTMSG 2221:0 @!@!@
  line 192, col 8 to line 192, col 63 of module Afek_Gafani: 170
@!@!@ENDMSG 2221 @!@!@
@!@!@STARTMSG 2772:0 @!@!@
<ordinary_judge_1_2_1_2 line 194, col 1 to line 194, col 26 of module Afek_Gafani>: 0:0
@!@!@ENDMSG 2772 @!@!@
@!@!@STARTMSG 2221:0 @!@!@
  line 195, col 7 to line 195, col 42 of module Afek_Gafani: 1282
@!@!@ENDMSG 2221 @!@!@
@!@!@STARTMSG 2221:0 @!@!@
  line 201, col 17 to line 204, col 67 of module Afek_Gafani: 0
@!@!@ENDMSG 2221 @!@!@
@!@!@STARTMSG 2221:0 @!@!@
  line 205, col 8 to line 205, col 63 of module Afek_Gafani: 0
@!@!@ENDMSG 2221 @!@!@
@!@!@STARTMSG 2772:0 @!@!@
<ordinary_judge_1_3 line 207, col 1 to line 207, col 22 of module Afek_Gafani>: 0:0
@!@!@ENDMSG 2772 @!@!@
@!@!@STARTMSG 2221:0 @!@!@
  line 208, col 8 to line 208, col 39 of module Afek_Gafani: 1282
@!@!@ENDMSG 2221 @!@!@
@!@!@STARTMSG 2221:0 @!@!@
  line 209, col 8 to line 210, col 74 of module Afek_Gafani: 0
@!@!@ENDMSG 2221 @!@!@
@!@!@STARTMSG 2221:0 @!@!@
  line 211, col 8 to line 211, col 63 of module Afek_Gafani: 0
@!@!@ENDMSG 2221 @!@!@
@!@!@STARTMSG 2772:0 @!@!@
<ordinary_send line 213, col 1 to line 213, col 17 of module Afek_Gafani>: 84:92
@!@!@ENDMSG 2772 @!@!@
@!@!@STARTMSG 2221:0 @!@!@
  line 214, col 8 to line 214, col 34 of module Afek_Gafani: 1385
@!@!@ENDMSG 2221 @!@!@
@!@!@STARTMSG 2221:0 @!@!@
  |line 214, col 8 to line 214, col 27 of module Afek_Gafani: 1293
@!@!@ENDMSG 2221 @!@!@
@!@!@STARTMSG 2221:0 @!@!@
  line 220, col 17 to line 221, col 91 of module Afek_Gafani: 92
@!@!@ENDMSG 2221 @!@!@
@!@!@STARTMSG 2221:0 @!@!@
  line 222, col 8 to line 222, col 55 of module Afek_Gafani: 92
@!@!@ENDMSG 2221 @!@!@
@!@!@STARTMSG 2221:0 @!@!@
  line 223, col 8 to line 223, col 37 of module Afek_Gafani: 92
@!@!@ENDMSG 2221 @!@!@
@!@!@STARTMSG 2774:0 @!@!@
<TypeOK line 76, col 1 to line 76, col 6 of module Afek_Gafani>
@!@!@ENDMSG 2774 @!@!@
@!@!@STARTMSG 2221:0 @!@!@
  line 77, col 5 to line 78, col 25 of module Afek_Gafani: 644
@!@!@ENDMSG 2221 @!@!@
@!@!@STARTMSG 2221:0 @!@!@
  |line 77, col 8 to line 77, col 26 of module Afek_Gafani: 644
@!@!@ENDMSG 2221 @!@!@
@!@!@STARTMSG 2221:0 @!@!@
  ||line 71, col 5 to line 71, col 124 of module Afek_Gafani: 644
@!@!@ENDMSG 2221 @!@!@
@!@!@STARTMSG 2221:0 @!@!@
  |||line 71, col 29 to line 71, col 124 of module Afek_Gafani: 1932
@!@!@ENDMSG 2221 @!@!@
@!@!@STARTMSG 2221:0 @!@!@
  |||line 71, col 15 to line 71, col 26 of module Afek_Gafani: 644
@!@!@ENDMSG 2221 @!@!@
@!@!@STARTMSG 2221:0 @!@!@
  |line 78, col 8 to line 78, col 25 of module Afek_Gafani: 644
@!@!@ENDMSG 2221 @!@!@
@!@!@STARTMSG 2221:0 @!@!@
  ||line 74, col 5 to line 74, col 127 of module Afek_Gafani: 644
@!@!@ENDMSG 2221 @!@!@
@!@!@STARTMSG 2221:0 @!@!@
  |||line 74, col 29 to line 74, col 127 of module Afek_Gafani: 1932
@!@!@ENDMSG 2221 @!@!@
@!@!@STARTMSG 2221:0 @!@!@
  |||line 74, col 15 to line 74, col 26 of module Afek_Gafani: 644
@!@!@ENDMSG 2221 @!@!@
@!@!@STARTMSG 2202:0 @!@!@
End of statistics.
@!@!@ENDMSG 2202 @!@!@
@!@!@STARTMSG 2200:0 @!@!@
Progress(9) at 2021-01-09 21:23:10: 1,294 states generated (85,790 s/min), 644 distinct states found (42,696 ds/min), 212 states left on queue.
@!@!@ENDMSG 2200 @!@!@
@!@!@STARTMSG 2199:0 @!@!@
1294 states generated, 644 distinct states found, 212 states left on queue.
@!@!@ENDMSG 2199 @!@!@
@!@!@STARTMSG 2186:0 @!@!@
Finished in 909ms at (2021-01-09 21:23:10)
@!@!@ENDMSG 2186 @!@!@
